<?xml version="1.0" encoding="UTF-8"?>
<!-- Generated by org.testng.reporters.JUnitXMLReporter -->
<testsuite ignored="0" hostname="LAPTOP-LMUR1VSE" failures="1" tests="5" name="Testing2" time="10.93" errors="0" timestamp="2024-09-12T20:23:36 IST">
  <testcase classname="listeners.listernClass" name="openUrl" time="0.009"/>
  <testcase classname="listeners.listernClass" name="getSearch" time="5.453"/>
  <testcase classname="listeners.listernClass" name="getSearch" time="5.437"/>
  <testcase classname="listeners.listernClass" name="getTitle" time="0.015">
    <failure type="java.lang.AssertionError" message="expected [google] but found [Google]">
      <![CDATA[java.lang.AssertionError: expected [google] but found [Google]
at listeners.listernClass.getTitle(listernClass.java:93)
at java.base/java.util.ArrayList.forEach(ArrayList.java:1511)
... Removed 33 stack frames]]>
    </failure>
  </testcase> <!-- getTitle -->
  <testcase classname="listeners.listernClass" name="clickGmail" time="0.0">
    <skipped/>
  </testcase> <!-- clickGmail -->
</testsuite> <!-- Testing2 -->
