<?xml version="1.0" encoding="UTF-8"?>
<!-- Generated by org.testng.reporters.JUnitXMLReporter -->
<testsuite ignored="0" hostname="LAPTOP-LMUR1VSE" failures="2" tests="6" name="Testing" time="12.627" errors="0" timestamp="2024-09-13T13:26:44 IST">
  <testcase classname="listeners.listernClass" name="openUrl" time="0.016"/>
  <testcase classname="listeners.listernClass" name="failTestMethod" time="0.0">
    <failure type="org.testng.TestNGException" message="
Cannot inject @Test annotated Method [failTestMethod] with [interface org.testng.ITestResult].
For more information on native dependency injection please refer to https://testng.org/doc/documentation-main.html#native-dependency-injection">
      <![CDATA[org.testng.TestNGException: 
For more information on native dependency injection please refer to https://testng.org/doc/documentation-main.html#native-dependency-injection
at java.base/java.util.ArrayList.forEach(ArrayList.java:1511)
... Removed 27 stack frames]]>
    </failure>
  </testcase> <!-- failTestMethod -->
  <testcase classname="listeners.listernClass" name="getSearch" time="6.723"/>
  <testcase classname="listeners.listernClass" name="getSearch" time="5.485"/>
  <testcase classname="listeners.listernClass" name="getTitle" time="0.031">
    <failure type="java.lang.AssertionError" message="expected [google] but found [Google]">
      <![CDATA[java.lang.AssertionError: expected [google] but found [Google]
at listeners.listernClass.getTitle(listernClass.java:105)
at java.base/java.util.ArrayList.forEach(ArrayList.java:1511)
... Removed 33 stack frames]]>
    </failure>
  </testcase> <!-- getTitle -->
  <testcase classname="listeners.listernClass" name="clickGmail" time="0.0">
    <skipped/>
  </testcase> <!-- clickGmail -->
</testsuite> <!-- Testing -->
